<?xml version="1.0" encoding="UTF-8"?>
<!-- Generated by org.testng.reporters.JUnitReportReporter -->
<testsuite hostname="DESKTOP-5FTVNVN" failures="0" tests="1" name="com.vaultcraft.crm.assignlocker.AddAssignLokerTest" time="7.677" errors="0" timestamp="2025-03-21T18:08:16 IST" skipped="0">
  <testcase classname="com.vaultcraft.crm.assignlocker.AddAssignLokerTest" name="addAssignLocker" time="7.677"/>
  <system-out/>
</testsuite> <!-- com.vaultcraft.crm.assignlocker.AddAssignLokerTest -->
