<?xml version="1.0" encoding="UTF-8"?>
<!-- Generated by org.testng.reporters.JUnitReportReporter -->
<testsuite hostname="DESKTOP-5FTVNVN" failures="0" tests="1" name="com.vaultcraft.crm.reports.SearchReportTest" time="3.887" errors="0" timestamp="2025-03-19T15:14:17 IST" skipped="0">
  <testcase classname="com.vaultcraft.crm.reports.SearchReportTest" name="searchReport" time="3.887"/>
</testsuite> <!-- com.vaultcraft.crm.reports.SearchReportTest -->
