<?xml version="1.0" encoding="UTF-8"?>
<!-- Generated by org.testng.reporters.JUnitReportReporter -->
<testsuite hostname="DESKTOP-5FTVNVN" failures="0" tests="1" name="com.vaultcraft.crm.pages.AboutUsTest" time="2.216" errors="0" timestamp="2025-03-19T16:24:40 IST" skipped="0">
  <testcase classname="com.vaultcraft.crm.pages.AboutUsTest" name="verifyAboutUs" time="2.216"/>
</testsuite> <!-- com.vaultcraft.crm.pages.AboutUsTest -->
