<?xml version="1.0" encoding="UTF-8"?>
<!-- Generated by org.testng.reporters.JUnitReportReporter -->
<testsuite hostname="DESKTOP-5FTVNVN" failures="0" tests="1" name="com.vaultcraft.crm.lockertype.AddLockerTypeTest" time="3.757" errors="0" timestamp="2025-03-18T16:23:48 IST" skipped="0">
  <testcase classname="com.vaultcraft.crm.lockertype.AddLockerTypeTest" name="addLocker" time="3.757"/>
</testsuite> <!-- com.vaultcraft.crm.lockertype.AddLockerTypeTest -->
