<?xml version="1.0" encoding="UTF-8"?>
<!-- Generated by org.testng.reporters.JUnitReportReporter -->
<testsuite hostname="DESKTOP-5FTVNVN" failures="0" tests="1" name="com.vaultcraft.crm.lockertype.ManageLokerTypeTest" time="3.438" errors="0" timestamp="2025-03-18T17:32:11 IST" skipped="0">
  <testcase classname="com.vaultcraft.crm.lockertype.ManageLokerTypeTest" name="manageLocker" time="3.438"/>
</testsuite> <!-- com.vaultcraft.crm.lockertype.ManageLokerTypeTest -->
