<?xml version="1.0" encoding="UTF-8"?>
<!-- Generated by org.testng.reporters.JUnitReportReporter -->
<testsuite hostname="DESKTOP-5FTVNVN" failures="0" tests="1" name="com.vaultcraft.crm.dashboard.DashboardTest" time="3.175" errors="0" timestamp="2025-03-19T16:03:59 IST" skipped="0">
  <testcase classname="com.vaultcraft.crm.dashboard.DashboardTest" name="verifyAboutUs" time="3.175"/>
</testsuite> <!-- com.vaultcraft.crm.dashboard.DashboardTest -->
