<?xml version="1.0" encoding="UTF-8"?>
<!-- Generated by org.testng.reporters.JUnitReportReporter -->
<testsuite hostname="DESKTOP-5FTVNVN" failures="0" tests="1" name="com.vaultcraft.crm.assignlocker.ManageAssignLockerTest" time="3.650" errors="0" timestamp="2025-03-19T13:08:31 IST" skipped="0">
  <testcase classname="com.vaultcraft.crm.assignlocker.ManageAssignLockerTest" name="manageAssLocker" time="3.650"/>
</testsuite> <!-- com.vaultcraft.crm.assignlocker.ManageAssignLockerTest -->
