<?xml version="1.0" encoding="UTF-8"?>
<!-- Generated by org.testng.reporters.JUnitReportReporter -->
<testsuite hostname="DESKTOP-5FTVNVN" failures="0" tests="1" name="com.vaultcraft.crm.subbanker.ManageSubBanker" time="1.827" errors="0" timestamp="2025-03-18T11:03:27 IST" skipped="0">
  <testcase classname="com.vaultcraft.crm.subbanker.ManageSubBanker" name="verifyTitle" time="1.827"/>
</testsuite> <!-- com.vaultcraft.crm.subbanker.ManageSubBanker -->
