<?xml version="1.0" encoding="UTF-8"?>
<!-- Generated by org.testng.reporters.JUnitReportReporter -->
<testsuite hostname="DESKTOP-5FTVNVN" failures="0" tests="1" name="com.vaultcraft.crm.subbanker.ManageSubBankerTest" time="9.786" errors="0" timestamp="2025-03-18T12:22:53 IST" skipped="0">
  <testcase classname="com.vaultcraft.crm.subbanker.ManageSubBankerTest" name="verifyTitle" time="9.786"/>
</testsuite> <!-- com.vaultcraft.crm.subbanker.ManageSubBankerTest -->
